2024-11-10 21:38:57,683 - root - INFO - Test data successfully loaded and saved
2024-11-10 21:47:33,026 - root - INFO - Test data successfully loaded and saved
2024-11-10 21:56:47,222 - root - INFO - Test data successfully loaded and saved
2024-11-10 22:08:11,131 - root - INFO - Test data successfully loaded and saved
2024-11-10 22:10:43,966 - root - INFO - Test data successfully loaded and saved
2024-11-10 22:17:55,067 - root - INFO - Test data successfully loaded and saved
2024-11-10 22:18:26,006 - root - INFO - Test data successfully loaded and saved
2024-11-10 22:18:32,510 - root - INFO - Test data successfully loaded and saved
2024-11-10 22:22:48,641 - root - INFO - Test data successfully loaded and saved
2024-11-10 22:30:16,332 - root - INFO - Test data successfully loaded and saved
2024-11-10 22:36:09,730 - root - INFO - Test data successfully loaded and saved
2024-11-10 22:40:08,687 - asyncio - ERROR - Task exception was never retrieved
future: <Task finished name='Task-166' coro=<WebSocketProtocol13.write_message.<locals>.wrapper() done, defined at C:\Users\Mih10\AppData\Roaming\Python\Python312\site-packages\tornado\websocket.py:1086> exception=WebSocketClosedError()>
Traceback (most recent call last):
  File "C:\Users\Mih10\AppData\Roaming\Python\Python312\site-packages\tornado\websocket.py", line 1088, in wrapper
    await fut
tornado.iostream.StreamClosedError: Stream is closed

During handling of the above exception, another exception occurred:

Traceback (most recent call last):
  File "C:\Users\Mih10\AppData\Roaming\Python\Python312\site-packages\tornado\websocket.py", line 1090, in wrapper
    raise WebSocketClosedError()
tornado.websocket.WebSocketClosedError
2024-11-10 22:40:16,210 - root - INFO - Test data successfully loaded and saved
2024-11-10 22:46:05,005 - root - INFO - Test data successfully loaded and saved
2024-11-10 22:47:08,827 - root - INFO - Test data successfully loaded and saved
2024-11-10 22:49:04,310 - root - INFO - Test data successfully loaded and saved
2024-11-10 22:49:06,908 - root - INFO - пїЅпїЅпїЅпїЅ пїЅпїЅпїЅпїЅпїЅпїЅ пїЅпїЅпїЅпїЅпїЅпїЅпїЅ пїЅпїЅпїЅпїЅпїЅпїЅпїЅпїЅпїЅпїЅпїЅпїЅпїЅ пїЅпїЅпїЅ 3 пїЅпїЅпїЅпїЅпїЅпїЅпїЅ
2024-11-10 22:49:06,908 - root - ERROR - пїЅпїЅпїЅпїЅпїЅпїЅ пїЅпїЅпїЅ пїЅпїЅпїЅпїЅпїЅпїЅпїЅпїЅ пїЅпїЅпїЅпїЅпїЅпїЅ: "fname" parameter is required
2024-11-10 22:49:18,480 - root - INFO - Test data successfully loaded and saved
2024-11-10 22:49:20,527 - root - INFO - пїЅпїЅпїЅпїЅ пїЅпїЅпїЅпїЅпїЅпїЅ пїЅпїЅпїЅпїЅпїЅпїЅпїЅ пїЅпїЅпїЅпїЅпїЅпїЅпїЅпїЅпїЅпїЅпїЅпїЅпїЅ пїЅпїЅпїЅ 3 пїЅпїЅпїЅпїЅпїЅпїЅпїЅ
2024-11-10 22:49:20,527 - root - ERROR - пїЅпїЅпїЅпїЅпїЅпїЅ пїЅпїЅпїЅ пїЅпїЅпїЅпїЅпїЅпїЅпїЅпїЅ пїЅпїЅпїЅпїЅпїЅпїЅ: "fname" parameter is required
2024-11-10 22:49:28,041 - root - INFO - пїЅпїЅпїЅпїЅ пїЅпїЅпїЅпїЅпїЅпїЅ пїЅпїЅпїЅпїЅпїЅпїЅпїЅ пїЅпїЅпїЅпїЅпїЅпїЅпїЅпїЅпїЅпїЅпїЅпїЅпїЅ пїЅпїЅпїЅ 4 пїЅпїЅпїЅпїЅпїЅпїЅпїЅ
2024-11-10 22:49:28,041 - root - ERROR - пїЅпїЅпїЅпїЅпїЅпїЅ пїЅпїЅпїЅ пїЅпїЅпїЅпїЅпїЅпїЅпїЅпїЅ пїЅпїЅпїЅпїЅпїЅпїЅ: "fname" parameter is required
2024-11-10 22:49:29,589 - root - INFO - пїЅпїЅпїЅпїЅ пїЅпїЅпїЅпїЅпїЅпїЅ пїЅпїЅпїЅпїЅпїЅпїЅпїЅ пїЅпїЅпїЅпїЅпїЅпїЅпїЅпїЅпїЅпїЅпїЅпїЅпїЅ пїЅпїЅпїЅ 4 пїЅпїЅпїЅпїЅпїЅпїЅпїЅ
2024-11-10 22:49:29,590 - root - ERROR - пїЅпїЅпїЅпїЅпїЅпїЅ пїЅпїЅпїЅ пїЅпїЅпїЅпїЅпїЅпїЅпїЅпїЅ пїЅпїЅпїЅпїЅпїЅпїЅ: "fname" parameter is required
2024-11-10 22:49:30,109 - root - INFO - пїЅпїЅпїЅпїЅ пїЅпїЅпїЅпїЅпїЅпїЅ пїЅпїЅпїЅпїЅпїЅпїЅпїЅ пїЅпїЅпїЅпїЅпїЅпїЅпїЅпїЅпїЅпїЅпїЅпїЅпїЅ пїЅпїЅпїЅ 4 пїЅпїЅпїЅпїЅпїЅпїЅпїЅ
2024-11-10 22:49:30,109 - root - ERROR - пїЅпїЅпїЅпїЅпїЅпїЅ пїЅпїЅпїЅ пїЅпїЅпїЅпїЅпїЅпїЅпїЅпїЅ пїЅпїЅпїЅпїЅпїЅпїЅ: "fname" parameter is required
2024-11-10 22:50:09,422 - root - INFO - Test data successfully loaded and saved
2024-11-10 22:50:19,874 - root - INFO - пїЅпїЅпїЅпїЅ пїЅпїЅпїЅпїЅпїЅпїЅ пїЅпїЅпїЅпїЅпїЅпїЅпїЅ пїЅпїЅпїЅпїЅпїЅпїЅпїЅпїЅпїЅпїЅпїЅпїЅпїЅ пїЅпїЅпїЅ 3 пїЅпїЅпїЅпїЅпїЅпїЅпїЅ
2024-11-10 22:50:19,875 - root - ERROR - пїЅпїЅпїЅпїЅпїЅпїЅ пїЅпїЅпїЅ пїЅпїЅпїЅпїЅпїЅпїЅпїЅпїЅ пїЅпїЅпїЅпїЅпїЅпїЅ: "fname" parameter is required
2024-11-11 00:40:07,235 - root - INFO - Test data successfully loaded and saved
2024-11-11 00:40:12,493 - root - INFO - пїЅпїЅпїЅпїЅ пїЅпїЅпїЅпїЅпїЅпїЅ пїЅпїЅпїЅпїЅпїЅпїЅпїЅ пїЅпїЅпїЅпїЅпїЅпїЅпїЅпїЅпїЅпїЅпїЅпїЅпїЅ пїЅпїЅпїЅ 3 пїЅпїЅпїЅпїЅпїЅпїЅпїЅ
2024-11-11 00:40:12,493 - root - ERROR - пїЅпїЅпїЅпїЅпїЅпїЅ пїЅпїЅпїЅ пїЅпїЅпїЅпїЅпїЅпїЅпїЅпїЅ пїЅпїЅпїЅпїЅпїЅпїЅ: "fname" parameter is required
2024-11-11 00:44:07,670 - root - INFO - Test data successfully loaded and saved
2024-11-11 00:44:15,509 - root - INFO - пїЅпїЅпїЅпїЅ пїЅпїЅпїЅпїЅпїЅпїЅ пїЅпїЅпїЅпїЅпїЅпїЅпїЅ пїЅпїЅпїЅпїЅпїЅпїЅпїЅпїЅпїЅпїЅпїЅпїЅпїЅ пїЅпїЅпїЅ 3 пїЅпїЅпїЅпїЅпїЅпїЅпїЅ
2024-11-11 00:44:15,509 - root - ERROR - пїЅпїЅпїЅпїЅпїЅпїЅ пїЅпїЅпїЅ пїЅпїЅпїЅпїЅпїЅпїЅпїЅпїЅ пїЅпїЅпїЅпїЅпїЅпїЅ: "fname" parameter is required
2024-11-11 00:46:18,390 - root - INFO - Test data successfully loaded and saved
2024-11-11 00:46:37,506 - root - INFO - пїЅпїЅпїЅпїЅ пїЅпїЅпїЅпїЅпїЅпїЅ пїЅпїЅпїЅпїЅпїЅпїЅпїЅ пїЅпїЅпїЅпїЅпїЅпїЅпїЅпїЅпїЅпїЅпїЅпїЅпїЅ пїЅпїЅпїЅ 3 пїЅпїЅпїЅпїЅпїЅпїЅпїЅ
2024-11-11 00:46:37,506 - root - ERROR - пїЅпїЅпїЅпїЅпїЅпїЅ пїЅпїЅпїЅ пїЅпїЅпїЅпїЅпїЅпїЅпїЅпїЅ пїЅпїЅпїЅпїЅпїЅпїЅ: "fname" parameter is required
2024-11-11 00:46:41,330 - root - INFO - Test data successfully loaded and saved
2024-11-11 00:46:43,598 - root - INFO - пїЅпїЅпїЅпїЅ пїЅпїЅпїЅпїЅпїЅпїЅ пїЅпїЅпїЅпїЅпїЅпїЅпїЅ пїЅпїЅпїЅпїЅпїЅпїЅпїЅпїЅпїЅпїЅпїЅпїЅпїЅ пїЅпїЅпїЅ 3 пїЅпїЅпїЅпїЅпїЅпїЅпїЅ
2024-11-11 00:46:43,599 - root - ERROR - пїЅпїЅпїЅпїЅпїЅпїЅ пїЅпїЅпїЅ пїЅпїЅпїЅпїЅпїЅпїЅпїЅпїЅ пїЅпїЅпїЅпїЅпїЅпїЅ: "fname" parameter is required
2024-11-11 00:46:50,271 - root - INFO - пїЅпїЅпїЅпїЅ пїЅпїЅпїЅпїЅпїЅпїЅ пїЅпїЅпїЅпїЅпїЅпїЅпїЅ пїЅпїЅпїЅпїЅпїЅпїЅпїЅпїЅпїЅпїЅпїЅпїЅпїЅ пїЅпїЅпїЅ 4 пїЅпїЅпїЅпїЅпїЅпїЅпїЅ
2024-11-11 00:46:50,271 - root - ERROR - пїЅпїЅпїЅпїЅпїЅпїЅ пїЅпїЅпїЅ пїЅпїЅпїЅпїЅпїЅпїЅпїЅпїЅ пїЅпїЅпїЅпїЅпїЅпїЅ: "fname" parameter is required
2024-11-11 00:48:25,781 - root - INFO - Test data successfully loaded and saved
2024-11-11 00:48:37,818 - root - INFO - пїЅпїЅпїЅпїЅ пїЅпїЅпїЅпїЅпїЅпїЅ пїЅпїЅпїЅпїЅпїЅпїЅпїЅ пїЅпїЅпїЅпїЅпїЅпїЅпїЅпїЅпїЅпїЅпїЅпїЅпїЅ пїЅпїЅпїЅ 3 пїЅпїЅпїЅпїЅпїЅпїЅпїЅ
2024-11-11 00:48:37,819 - root - ERROR - пїЅпїЅпїЅпїЅпїЅпїЅ пїЅпїЅпїЅ пїЅпїЅпїЅпїЅпїЅпїЅпїЅпїЅ пїЅпїЅпїЅпїЅпїЅпїЅ: "fname" parameter is required
2024-11-11 00:48:39,117 - root - INFO - пїЅпїЅпїЅпїЅ пїЅпїЅпїЅпїЅпїЅпїЅ пїЅпїЅпїЅпїЅпїЅпїЅпїЅ пїЅпїЅпїЅпїЅпїЅпїЅпїЅпїЅпїЅпїЅпїЅпїЅпїЅ пїЅпїЅпїЅ 3 пїЅпїЅпїЅпїЅпїЅпїЅпїЅ
2024-11-11 00:48:39,117 - root - ERROR - пїЅпїЅпїЅпїЅпїЅпїЅ пїЅпїЅпїЅ пїЅпїЅпїЅпїЅпїЅпїЅпїЅпїЅ пїЅпїЅпїЅпїЅпїЅпїЅ: "fname" parameter is required
2024-11-11 00:48:39,622 - root - INFO - пїЅпїЅпїЅпїЅ пїЅпїЅпїЅпїЅпїЅпїЅ пїЅпїЅпїЅпїЅпїЅпїЅпїЅ пїЅпїЅпїЅпїЅпїЅпїЅпїЅпїЅпїЅпїЅпїЅпїЅпїЅ пїЅпїЅпїЅ 3 пїЅпїЅпїЅпїЅпїЅпїЅпїЅ
2024-11-11 00:48:39,622 - root - ERROR - пїЅпїЅпїЅпїЅпїЅпїЅ пїЅпїЅпїЅ пїЅпїЅпїЅпїЅпїЅпїЅпїЅпїЅ пїЅпїЅпїЅпїЅпїЅпїЅ: "fname" parameter is required
2024-11-11 00:48:39,974 - root - INFO - пїЅпїЅпїЅпїЅ пїЅпїЅпїЅпїЅпїЅпїЅ пїЅпїЅпїЅпїЅпїЅпїЅпїЅ пїЅпїЅпїЅпїЅпїЅпїЅпїЅпїЅпїЅпїЅпїЅпїЅпїЅ пїЅпїЅпїЅ 3 пїЅпїЅпїЅпїЅпїЅпїЅпїЅ
2024-11-11 00:48:39,974 - root - ERROR - пїЅпїЅпїЅпїЅпїЅпїЅ пїЅпїЅпїЅ пїЅпїЅпїЅпїЅпїЅпїЅпїЅпїЅ пїЅпїЅпїЅпїЅпїЅпїЅ: "fname" parameter is required
2024-11-11 00:48:40,161 - root - INFO - пїЅпїЅпїЅпїЅ пїЅпїЅпїЅпїЅпїЅпїЅ пїЅпїЅпїЅпїЅпїЅпїЅпїЅ пїЅпїЅпїЅпїЅпїЅпїЅпїЅпїЅпїЅпїЅпїЅпїЅпїЅ пїЅпїЅпїЅ 3 пїЅпїЅпїЅпїЅпїЅпїЅпїЅ
2024-11-11 00:48:40,161 - root - ERROR - пїЅпїЅпїЅпїЅпїЅпїЅ пїЅпїЅпїЅ пїЅпїЅпїЅпїЅпїЅпїЅпїЅпїЅ пїЅпїЅпїЅпїЅпїЅпїЅ: "fname" parameter is required
2024-11-11 00:48:40,348 - root - INFO - пїЅпїЅпїЅпїЅ пїЅпїЅпїЅпїЅпїЅпїЅ пїЅпїЅпїЅпїЅпїЅпїЅпїЅ пїЅпїЅпїЅпїЅпїЅпїЅпїЅпїЅпїЅпїЅпїЅпїЅпїЅ пїЅпїЅпїЅ 3 пїЅпїЅпїЅпїЅпїЅпїЅпїЅ
2024-11-11 00:48:40,348 - root - ERROR - пїЅпїЅпїЅпїЅпїЅпїЅ пїЅпїЅпїЅ пїЅпїЅпїЅпїЅпїЅпїЅпїЅпїЅ пїЅпїЅпїЅпїЅпїЅпїЅ: "fname" parameter is required
2024-11-11 00:48:40,506 - root - INFO - пїЅпїЅпїЅпїЅ пїЅпїЅпїЅпїЅпїЅпїЅ пїЅпїЅпїЅпїЅпїЅпїЅпїЅ пїЅпїЅпїЅпїЅпїЅпїЅпїЅпїЅпїЅпїЅпїЅпїЅпїЅ пїЅпїЅпїЅ 3 пїЅпїЅпїЅпїЅпїЅпїЅпїЅ
2024-11-11 00:48:40,506 - root - ERROR - пїЅпїЅпїЅпїЅпїЅпїЅ пїЅпїЅпїЅ пїЅпїЅпїЅпїЅпїЅпїЅпїЅпїЅ пїЅпїЅпїЅпїЅпїЅпїЅ: "fname" parameter is required
2024-11-11 00:48:40,677 - root - INFO - пїЅпїЅпїЅпїЅ пїЅпїЅпїЅпїЅпїЅпїЅ пїЅпїЅпїЅпїЅпїЅпїЅпїЅ пїЅпїЅпїЅпїЅпїЅпїЅпїЅпїЅпїЅпїЅпїЅпїЅпїЅ пїЅпїЅпїЅ 3 пїЅпїЅпїЅпїЅпїЅпїЅпїЅ
2024-11-11 00:48:40,677 - root - ERROR - пїЅпїЅпїЅпїЅпїЅпїЅ пїЅпїЅпїЅ пїЅпїЅпїЅпїЅпїЅпїЅпїЅпїЅ пїЅпїЅпїЅпїЅпїЅпїЅ: "fname" parameter is required
2024-11-11 00:48:40,882 - root - INFO - пїЅпїЅпїЅпїЅ пїЅпїЅпїЅпїЅпїЅпїЅ пїЅпїЅпїЅпїЅпїЅпїЅпїЅ пїЅпїЅпїЅпїЅпїЅпїЅпїЅпїЅпїЅпїЅпїЅпїЅпїЅ пїЅпїЅпїЅ 3 пїЅпїЅпїЅпїЅпїЅпїЅпїЅ
2024-11-11 00:48:40,882 - root - ERROR - пїЅпїЅпїЅпїЅпїЅпїЅ пїЅпїЅпїЅ пїЅпїЅпїЅпїЅпїЅпїЅпїЅпїЅ пїЅпїЅпїЅпїЅпїЅпїЅ: "fname" parameter is required
2024-11-11 00:48:41,043 - root - INFO - пїЅпїЅпїЅпїЅ пїЅпїЅпїЅпїЅпїЅпїЅ пїЅпїЅпїЅпїЅпїЅпїЅпїЅ пїЅпїЅпїЅпїЅпїЅпїЅпїЅпїЅпїЅпїЅпїЅпїЅпїЅ пїЅпїЅпїЅ 3 пїЅпїЅпїЅпїЅпїЅпїЅпїЅ
2024-11-11 00:48:41,044 - root - ERROR - пїЅпїЅпїЅпїЅпїЅпїЅ пїЅпїЅпїЅ пїЅпїЅпїЅпїЅпїЅпїЅпїЅпїЅ пїЅпїЅпїЅпїЅпїЅпїЅ: "fname" parameter is required
2024-11-11 00:48:41,209 - root - INFO - пїЅпїЅпїЅпїЅ пїЅпїЅпїЅпїЅпїЅпїЅ пїЅпїЅпїЅпїЅпїЅпїЅпїЅ пїЅпїЅпїЅпїЅпїЅпїЅпїЅпїЅпїЅпїЅпїЅпїЅпїЅ пїЅпїЅпїЅ 3 пїЅпїЅпїЅпїЅпїЅпїЅпїЅ
2024-11-11 00:48:41,209 - root - ERROR - пїЅпїЅпїЅпїЅпїЅпїЅ пїЅпїЅпїЅ пїЅпїЅпїЅпїЅпїЅпїЅпїЅпїЅ пїЅпїЅпїЅпїЅпїЅпїЅ: "fname" parameter is required
2024-11-11 00:48:41,373 - root - INFO - пїЅпїЅпїЅпїЅ пїЅпїЅпїЅпїЅпїЅпїЅ пїЅпїЅпїЅпїЅпїЅпїЅпїЅ пїЅпїЅпїЅпїЅпїЅпїЅпїЅпїЅпїЅпїЅпїЅпїЅпїЅ пїЅпїЅпїЅ 3 пїЅпїЅпїЅпїЅпїЅпїЅпїЅ
2024-11-11 00:48:41,373 - root - ERROR - пїЅпїЅпїЅпїЅпїЅпїЅ пїЅпїЅпїЅ пїЅпїЅпїЅпїЅпїЅпїЅпїЅпїЅ пїЅпїЅпїЅпїЅпїЅпїЅ: "fname" parameter is required
2024-11-11 00:48:41,541 - root - INFO - пїЅпїЅпїЅпїЅ пїЅпїЅпїЅпїЅпїЅпїЅ пїЅпїЅпїЅпїЅпїЅпїЅпїЅ пїЅпїЅпїЅпїЅпїЅпїЅпїЅпїЅпїЅпїЅпїЅпїЅпїЅ пїЅпїЅпїЅ 3 пїЅпїЅпїЅпїЅпїЅпїЅпїЅ
2024-11-11 00:48:41,541 - root - ERROR - пїЅпїЅпїЅпїЅпїЅпїЅ пїЅпїЅпїЅ пїЅпїЅпїЅпїЅпїЅпїЅпїЅпїЅ пїЅпїЅпїЅпїЅпїЅпїЅ: "fname" parameter is required
2024-11-11 00:48:41,712 - root - INFO - пїЅпїЅпїЅпїЅ пїЅпїЅпїЅпїЅпїЅпїЅ пїЅпїЅпїЅпїЅпїЅпїЅпїЅ пїЅпїЅпїЅпїЅпїЅпїЅпїЅпїЅпїЅпїЅпїЅпїЅпїЅ пїЅпїЅпїЅ 3 пїЅпїЅпїЅпїЅпїЅпїЅпїЅ
2024-11-11 00:48:41,713 - root - ERROR - пїЅпїЅпїЅпїЅпїЅпїЅ пїЅпїЅпїЅ пїЅпїЅпїЅпїЅпїЅпїЅпїЅпїЅ пїЅпїЅпїЅпїЅпїЅпїЅ: "fname" parameter is required
2024-11-11 00:48:41,896 - root - INFO - пїЅпїЅпїЅпїЅ пїЅпїЅпїЅпїЅпїЅпїЅ пїЅпїЅпїЅпїЅпїЅпїЅпїЅ пїЅпїЅпїЅпїЅпїЅпїЅпїЅпїЅпїЅпїЅпїЅпїЅпїЅ пїЅпїЅпїЅ 3 пїЅпїЅпїЅпїЅпїЅпїЅпїЅ
2024-11-11 00:48:41,897 - root - ERROR - пїЅпїЅпїЅпїЅпїЅпїЅ пїЅпїЅпїЅ пїЅпїЅпїЅпїЅпїЅпїЅпїЅпїЅ пїЅпїЅпїЅпїЅпїЅпїЅ: "fname" parameter is required
2024-11-11 00:48:42,072 - root - INFO - пїЅпїЅпїЅпїЅ пїЅпїЅпїЅпїЅпїЅпїЅ пїЅпїЅпїЅпїЅпїЅпїЅпїЅ пїЅпїЅпїЅпїЅпїЅпїЅпїЅпїЅпїЅпїЅпїЅпїЅпїЅ пїЅпїЅпїЅ 3 пїЅпїЅпїЅпїЅпїЅпїЅпїЅ
2024-11-11 00:48:42,073 - root - ERROR - пїЅпїЅпїЅпїЅпїЅпїЅ пїЅпїЅпїЅ пїЅпїЅпїЅпїЅпїЅпїЅпїЅпїЅ пїЅпїЅпїЅпїЅпїЅпїЅ: "fname" parameter is required
2024-11-11 00:48:42,252 - root - INFO - пїЅпїЅпїЅпїЅ пїЅпїЅпїЅпїЅпїЅпїЅ пїЅпїЅпїЅпїЅпїЅпїЅпїЅ пїЅпїЅпїЅпїЅпїЅпїЅпїЅпїЅпїЅпїЅпїЅпїЅпїЅ пїЅпїЅпїЅ 3 пїЅпїЅпїЅпїЅпїЅпїЅпїЅ
2024-11-11 00:48:42,252 - root - ERROR - пїЅпїЅпїЅпїЅпїЅпїЅ пїЅпїЅпїЅ пїЅпїЅпїЅпїЅпїЅпїЅпїЅпїЅ пїЅпїЅпїЅпїЅпїЅпїЅ: "fname" parameter is required
2024-11-11 00:48:42,433 - root - INFO - пїЅпїЅпїЅпїЅ пїЅпїЅпїЅпїЅпїЅпїЅ пїЅпїЅпїЅпїЅпїЅпїЅпїЅ пїЅпїЅпїЅпїЅпїЅпїЅпїЅпїЅпїЅпїЅпїЅпїЅпїЅ пїЅпїЅпїЅ 3 пїЅпїЅпїЅпїЅпїЅпїЅпїЅ
2024-11-11 00:48:42,433 - root - ERROR - пїЅпїЅпїЅпїЅпїЅпїЅ пїЅпїЅпїЅ пїЅпїЅпїЅпїЅпїЅпїЅпїЅпїЅ пїЅпїЅпїЅпїЅпїЅпїЅ: "fname" parameter is required
2024-11-11 00:48:42,641 - root - INFO - пїЅпїЅпїЅпїЅ пїЅпїЅпїЅпїЅпїЅпїЅ пїЅпїЅпїЅпїЅпїЅпїЅпїЅ пїЅпїЅпїЅпїЅпїЅпїЅпїЅпїЅпїЅпїЅпїЅпїЅпїЅ пїЅпїЅпїЅ 3 пїЅпїЅпїЅпїЅпїЅпїЅпїЅ
2024-11-11 00:48:42,641 - root - ERROR - пїЅпїЅпїЅпїЅпїЅпїЅ пїЅпїЅпїЅ пїЅпїЅпїЅпїЅпїЅпїЅпїЅпїЅ пїЅпїЅпїЅпїЅпїЅпїЅ: "fname" parameter is required
2024-11-11 00:51:05,348 - root - INFO - Test data successfully loaded and saved
2024-11-11 00:51:12,532 - root - INFO - пїЅпїЅпїЅпїЅ пїЅпїЅпїЅпїЅпїЅпїЅ пїЅпїЅпїЅпїЅпїЅпїЅпїЅ пїЅпїЅпїЅпїЅпїЅпїЅпїЅпїЅпїЅпїЅпїЅпїЅпїЅ пїЅпїЅпїЅ 3 пїЅпїЅпїЅпїЅпїЅпїЅпїЅ
2024-11-11 00:51:12,532 - root - ERROR - пїЅпїЅпїЅпїЅпїЅпїЅ пїЅпїЅпїЅ пїЅпїЅпїЅпїЅпїЅпїЅпїЅпїЅ пїЅпїЅпїЅпїЅпїЅпїЅ: "fname" parameter is required
2024-11-11 00:55:18,030 - root - INFO - Test data successfully loaded and saved
2024-11-11 00:55:27,818 - root - INFO - пїЅпїЅпїЅпїЅ пїЅпїЅпїЅпїЅпїЅпїЅ пїЅпїЅпїЅпїЅпїЅпїЅпїЅ пїЅпїЅпїЅпїЅпїЅпїЅпїЅпїЅпїЅпїЅпїЅпїЅпїЅ пїЅпїЅпїЅ 3 пїЅпїЅпїЅпїЅпїЅпїЅпїЅ
2024-11-11 00:55:27,818 - root - ERROR - пїЅпїЅпїЅпїЅпїЅпїЅ пїЅпїЅпїЅ пїЅпїЅпїЅпїЅпїЅпїЅпїЅпїЅ пїЅпїЅпїЅпїЅпїЅпїЅ: "fname" parameter is required
2024-11-11 00:57:13,373 - root - INFO - Test data successfully loaded and saved
2024-11-11 00:57:25,329 - root - INFO - Типы данных успешно преобразованы для 3 колонок
2024-11-11 00:57:25,329 - root - ERROR - Ошибка при создании отчета: "fname" parameter is required
